2020-04-08 18:34:04.783  INFO 12644 --- [main] com.pgyhr.PgyhrApplication               : Starting PgyhrApplication on H-13874 with PID 12644 (D:\work\workspace\pgyhr\cuixg\pgyhr-service\pgyhr-admin\target\classes started by cuixg in D:\work\workspace\pgyhr\cuixg\pgyhr-service)
2020-04-08 18:34:04.818  INFO 12644 --- [main] com.pgyhr.PgyhrApplication               : No active profile set, falling back to default profiles: default
2020-04-08 18:34:10.725  INFO 12644 --- [main] .s.d.r.c.RepositoryConfigurationDelegate : Multiple Spring Data modules found, entering strict repository configuration mode!
2020-04-08 18:34:10.726  INFO 12644 --- [main] .s.d.r.c.RepositoryConfigurationDelegate : Bootstrapping Spring Data JPA repositories in DEFAULT mode.
2020-04-08 18:34:11.430  INFO 12644 --- [main] .RepositoryConfigurationExtensionSupport : Spring Data JPA - Could not safely identify store assignment for repository candidate interface com.pgyhr.core.dao.elasticsearch.EsLogDao. If you want this repository to be a JPA repository, consider annotating your entities with one of these annotations: javax.persistence.Entity, javax.persistence.MappedSuperclass (preferred), or consider extending one of the following types with your repository: org.springframework.data.jpa.repository.JpaRepository.
2020-04-08 18:34:11.614  INFO 12644 --- [main] .s.d.r.c.RepositoryConfigurationDelegate : Finished Spring Data repository scanning in 865ms. Found 12 JPA repository interfaces.
2020-04-08 18:34:11.668  INFO 12644 --- [main] .s.d.r.c.RepositoryConfigurationDelegate : Multiple Spring Data modules found, entering strict repository configuration mode!
2020-04-08 18:34:11.672  INFO 12644 --- [main] .s.d.r.c.RepositoryConfigurationDelegate : Bootstrapping Spring Data Redis repositories in DEFAULT mode.
2020-04-08 18:34:11.801  INFO 12644 --- [main] .RepositoryConfigurationExtensionSupport : Spring Data Redis - Could not safely identify store assignment for repository candidate interface com.pgyhr.base.dao.DictDao. If you want this repository to be a Redis repository, consider annotating your entities with one of these annotations: org.springframework.data.redis.core.RedisHash (preferred), or consider extending one of the following types with your repository: org.springframework.data.keyvalue.repository.KeyValueRepository.
2020-04-08 18:34:11.804  INFO 12644 --- [main] .RepositoryConfigurationExtensionSupport : Spring Data Redis - Could not safely identify store assignment for repository candidate interface com.pgyhr.base.dao.DictDataDao. If you want this repository to be a Redis repository, consider annotating your entities with one of these annotations: org.springframework.data.redis.core.RedisHash (preferred), or consider extending one of the following types with your repository: org.springframework.data.keyvalue.repository.KeyValueRepository.
2020-04-08 18:34:11.809  INFO 12644 --- [main] .RepositoryConfigurationExtensionSupport : Spring Data Redis - Could not safely identify store assignment for repository candidate interface com.pgyhr.core.dao.DepartmentDao. If you want this repository to be a Redis repository, consider annotating your entities with one of these annotations: org.springframework.data.redis.core.RedisHash (preferred), or consider extending one of the following types with your repository: org.springframework.data.keyvalue.repository.KeyValueRepository.
2020-04-08 18:34:11.814  INFO 12644 --- [main] .RepositoryConfigurationExtensionSupport : Spring Data Redis - Could not safely identify store assignment for repository candidate interface com.pgyhr.core.dao.DepartmentHeaderDao. If you want this repository to be a Redis repository, consider annotating your entities with one of these annotations: org.springframework.data.redis.core.RedisHash (preferred), or consider extending one of the following types with your repository: org.springframework.data.keyvalue.repository.KeyValueRepository.
2020-04-08 18:34:11.816  INFO 12644 --- [main] .RepositoryConfigurationExtensionSupport : Spring Data Redis - Could not safely identify store assignment for repository candidate interface com.pgyhr.core.dao.LogDao. If you want this repository to be a Redis repository, consider annotating your entities with one of these annotations: org.springframework.data.redis.core.RedisHash (preferred), or consider extending one of the following types with your repository: org.springframework.data.keyvalue.repository.KeyValueRepository.
2020-04-08 18:34:11.820  INFO 12644 --- [main] .RepositoryConfigurationExtensionSupport : Spring Data Redis - Could not safely identify store assignment for repository candidate interface com.pgyhr.core.dao.PermissionDao. If you want this repository to be a Redis repository, consider annotating your entities with one of these annotations: org.springframework.data.redis.core.RedisHash (preferred), or consider extending one of the following types with your repository: org.springframework.data.keyvalue.repository.KeyValueRepository.
2020-04-08 18:34:11.826  INFO 12644 --- [main] .RepositoryConfigurationExtensionSupport : Spring Data Redis - Could not safely identify store assignment for repository candidate interface com.pgyhr.core.dao.RoleDao. If you want this repository to be a Redis repository, consider annotating your entities with one of these annotations: org.springframework.data.redis.core.RedisHash (preferred), or consider extending one of the following types with your repository: org.springframework.data.keyvalue.repository.KeyValueRepository.
2020-04-08 18:34:11.828  INFO 12644 --- [main] .RepositoryConfigurationExtensionSupport : Spring Data Redis - Could not safely identify store assignment for repository candidate interface com.pgyhr.core.dao.RoleDepartmentDao. If you want this repository to be a Redis repository, consider annotating your entities with one of these annotations: org.springframework.data.redis.core.RedisHash (preferred), or consider extending one of the following types with your repository: org.springframework.data.keyvalue.repository.KeyValueRepository.
2020-04-08 18:34:11.830  INFO 12644 --- [main] .RepositoryConfigurationExtensionSupport : Spring Data Redis - Could not safely identify store assignment for repository candidate interface com.pgyhr.core.dao.RolePermissionDao. If you want this repository to be a Redis repository, consider annotating your entities with one of these annotations: org.springframework.data.redis.core.RedisHash (preferred), or consider extending one of the following types with your repository: org.springframework.data.keyvalue.repository.KeyValueRepository.
2020-04-08 18:34:11.833  INFO 12644 --- [main] .RepositoryConfigurationExtensionSupport : Spring Data Redis - Could not safely identify store assignment for repository candidate interface com.pgyhr.core.dao.SettingDao. If you want this repository to be a Redis repository, consider annotating your entities with one of these annotations: org.springframework.data.redis.core.RedisHash (preferred), or consider extending one of the following types with your repository: org.springframework.data.keyvalue.repository.KeyValueRepository.
2020-04-08 18:34:11.835  INFO 12644 --- [main] .RepositoryConfigurationExtensionSupport : Spring Data Redis - Could not safely identify store assignment for repository candidate interface com.pgyhr.core.dao.UserDao. If you want this repository to be a Redis repository, consider annotating your entities with one of these annotations: org.springframework.data.redis.core.RedisHash (preferred), or consider extending one of the following types with your repository: org.springframework.data.keyvalue.repository.KeyValueRepository.
2020-04-08 18:34:11.838  INFO 12644 --- [main] .RepositoryConfigurationExtensionSupport : Spring Data Redis - Could not safely identify store assignment for repository candidate interface com.pgyhr.core.dao.UserRoleDao. If you want this repository to be a Redis repository, consider annotating your entities with one of these annotations: org.springframework.data.redis.core.RedisHash (preferred), or consider extending one of the following types with your repository: org.springframework.data.keyvalue.repository.KeyValueRepository.
2020-04-08 18:34:11.840  INFO 12644 --- [main] .RepositoryConfigurationExtensionSupport : Spring Data Redis - Could not safely identify store assignment for repository candidate interface com.pgyhr.core.dao.elasticsearch.EsLogDao. If you want this repository to be a Redis repository, consider annotating your entities with one of these annotations: org.springframework.data.redis.core.RedisHash (preferred), or consider extending one of the following types with your repository: org.springframework.data.keyvalue.repository.KeyValueRepository.
2020-04-08 18:34:11.841  INFO 12644 --- [main] .s.d.r.c.RepositoryConfigurationDelegate : Finished Spring Data repository scanning in 143ms. Found 0 Redis repository interfaces.
2020-04-08 18:34:13.151  INFO 12644 --- [main] ptablePropertiesBeanFactoryPostProcessor : Post-processing PropertySource instances
2020-04-08 18:34:13.378  INFO 12644 --- [main] c.u.j.EncryptablePropertySourceConverter : Converting PropertySource configurationProperties [org.springframework.boot.context.properties.source.ConfigurationPropertySourcesPropertySource] to AOP Proxy
2020-04-08 18:34:13.380  INFO 12644 --- [main] c.u.j.EncryptablePropertySourceConverter : Converting PropertySource servletConfigInitParams [org.springframework.core.env.PropertySource$StubPropertySource] to EncryptablePropertySourceWrapper
2020-04-08 18:34:13.381  INFO 12644 --- [main] c.u.j.EncryptablePropertySourceConverter : Converting PropertySource servletContextInitParams [org.springframework.core.env.PropertySource$StubPropertySource] to EncryptablePropertySourceWrapper
2020-04-08 18:34:13.383  INFO 12644 --- [main] c.u.j.EncryptablePropertySourceConverter : Converting PropertySource systemProperties [org.springframework.core.env.PropertiesPropertySource] to EncryptableMapPropertySourceWrapper
2020-04-08 18:34:13.391  INFO 12644 --- [main] c.u.j.EncryptablePropertySourceConverter : Converting PropertySource systemEnvironment [org.springframework.boot.env.SystemEnvironmentPropertySourceEnvironmentPostProcessor$OriginAwareSystemEnvironmentPropertySource] to EncryptableSystemEnvironmentPropertySourceWrapper
2020-04-08 18:34:13.393  INFO 12644 --- [main] c.u.j.EncryptablePropertySourceConverter : Converting PropertySource random [org.springframework.boot.env.RandomValuePropertySource] to EncryptablePropertySourceWrapper
2020-04-08 18:34:13.397  INFO 12644 --- [main] c.u.j.EncryptablePropertySourceConverter : Converting PropertySource applicationConfig: [classpath:/application.yml] [org.springframework.boot.env.OriginTrackedMapPropertySource] to EncryptableMapPropertySourceWrapper
2020-04-08 18:34:16.317  INFO 12644 --- [main] faultConfiguringBeanFactoryPostProcessor : No bean named 'errorChannel' has been explicitly defined. Therefore, a default PublishSubscribeChannel will be created.
2020-04-08 18:34:16.577  INFO 12644 --- [main] faultConfiguringBeanFactoryPostProcessor : No bean named 'integrationHeaderChannelRegistry' has been explicitly defined. Therefore, a default DefaultHeaderChannelRegistry will be created.
2020-04-08 18:34:17.265  INFO 12644 --- [main] c.u.j.filter.DefaultLazyPropertyFilter   : Property Filter custom Bean not found with name 'encryptablePropertyFilter'. Initializing Default Property Filter
2020-04-08 18:34:17.466  INFO 12644 --- [main] trationDelegate$BeanPostProcessorChecker : Bean 'org.springframework.transaction.annotation.ProxyTransactionManagementConfiguration' of type [org.springframework.transaction.annotation.ProxyTransactionManagementConfiguration] is not eligible for getting processed by all BeanPostProcessors (for example: not eligible for auto-proxying)
2020-04-08 18:34:18.093  INFO 12644 --- [main] c.u.j.r.DefaultLazyPropertyResolver      : Property Resolver custom Bean not found with name 'encryptablePropertyResolver'. Initializing Default Property Resolver
2020-04-08 18:34:18.099  INFO 12644 --- [main] c.u.j.d.DefaultLazyPropertyDetector      : Property Detector custom Bean not found with name 'encryptablePropertyDetector'. Initializing Default Property Detector
2020-04-08 18:34:18.126  INFO 12644 --- [main] trationDelegate$BeanPostProcessorChecker : Bean 'redisCacheConfig' of type [com.pgyhr.core.config.cache.RedisCacheConfig$$EnhancerBySpringCGLIB$$b940f9fd] is not eligible for getting processed by all BeanPostProcessors (for example: not eligible for auto-proxying)
2020-04-08 18:34:18.368  INFO 12644 --- [main] trationDelegate$BeanPostProcessorChecker : Bean 'org.springframework.security.config.annotation.configuration.ObjectPostProcessorConfiguration' of type [org.springframework.security.config.annotation.configuration.ObjectPostProcessorConfiguration] is not eligible for getting processed by all BeanPostProcessors (for example: not eligible for auto-proxying)
2020-04-08 18:34:18.399  INFO 12644 --- [main] trationDelegate$BeanPostProcessorChecker : Bean 'objectPostProcessor' of type [org.springframework.security.config.annotation.configuration.AutowireBeanFactoryObjectPostProcessor] is not eligible for getting processed by all BeanPostProcessors (for example: not eligible for auto-proxying)
2020-04-08 18:34:18.432  INFO 12644 --- [main] trationDelegate$BeanPostProcessorChecker : Bean 'org.springframework.security.access.expression.method.DefaultMethodSecurityExpressionHandler@56826a75' of type [org.springframework.security.access.expression.method.DefaultMethodSecurityExpressionHandler] is not eligible for getting processed by all BeanPostProcessors (for example: not eligible for auto-proxying)
2020-04-08 18:34:18.440  INFO 12644 --- [main] trationDelegate$BeanPostProcessorChecker : Bean 'org.springframework.security.config.annotation.method.configuration.GlobalMethodSecurityConfiguration' of type [org.springframework.security.config.annotation.method.configuration.GlobalMethodSecurityConfiguration] is not eligible for getting processed by all BeanPostProcessors (for example: not eligible for auto-proxying)
2020-04-08 18:34:18.522  INFO 12644 --- [main] trationDelegate$BeanPostProcessorChecker : Bean 'methodSecurityMetadataSource' of type [org.springframework.security.access.method.DelegatingMethodSecurityMetadataSource] is not eligible for getting processed by all BeanPostProcessors (for example: not eligible for auto-proxying)
2020-04-08 18:34:18.694  INFO 12644 --- [main] trationDelegate$BeanPostProcessorChecker : Bean 'org.springframework.integration.config.IntegrationManagementConfiguration' of type [org.springframework.integration.config.IntegrationManagementConfiguration] is not eligible for getting processed by all BeanPostProcessors (for example: not eligible for auto-proxying)
2020-04-08 18:34:18.991  INFO 12644 --- [main] trationDelegate$BeanPostProcessorChecker : Bean 'integrationChannelResolver' of type [org.springframework.integration.support.channel.BeanFactoryChannelResolver] is not eligible for getting processed by all BeanPostProcessors (for example: not eligible for auto-proxying)
2020-04-08 18:34:19.032  INFO 12644 --- [main] trationDelegate$BeanPostProcessorChecker : Bean 'integrationDisposableAutoCreatedBeans' of type [org.springframework.integration.config.annotation.Disposables] is not eligible for getting processed by all BeanPostProcessors (for example: not eligible for auto-proxying)
2020-04-08 18:34:20.828  INFO 12644 --- [main] o.s.b.w.embedded.tomcat.TomcatWebServer  : Tomcat initialized with port(s): 8888 (http)
2020-04-08 18:34:20.856  INFO 12644 --- [main] o.apache.catalina.core.StandardService   : Starting service [Tomcat]
2020-04-08 18:34:20.857  INFO 12644 --- [main] org.apache.catalina.core.StandardEngine  : Starting Servlet engine: [Apache Tomcat/9.0.29]
2020-04-08 18:34:21.323  INFO 12644 --- [main] o.a.c.c.C.[Tomcat].[localhost].[/]       : Initializing Spring embedded WebApplicationContext
2020-04-08 18:34:21.324  INFO 12644 --- [main] o.s.web.context.ContextLoader            : Root WebApplicationContext: initialization completed in 16070 ms
2020-04-08 18:34:22.947  INFO 12644 --- [main] c.a.d.s.b.a.DruidDataSourceAutoConfigure : Init DruidDataSource
2020-04-08 18:34:23.679  INFO 12644 --- [main] com.alibaba.druid.pool.DruidDataSource   : {dataSource-1} inited
2020-04-08 18:34:25.275  INFO 12644 --- [main] o.hibernate.jpa.internal.util.LogHelper  : HHH000204: Processing PersistenceUnitInfo [name: default]
2020-04-08 18:34:25.536  INFO 12644 --- [main] org.hibernate.Version                    : HHH000412: Hibernate Core {5.4.9.Final}
2020-04-08 18:34:25.544  INFO 12644 --- [main] org.hibernate.cfg.Environment            : HHH000205: Loaded properties from resource hibernate.properties: {hibernate.bytecode.use_reflection_optimizer=false, hibernate.dialect.storage_engine=innodb}
2020-04-08 18:34:25.919  INFO 12644 --- [main] o.hibernate.annotations.common.Version   : HCANN000001: Hibernate Commons Annotations {5.1.0.Final}
2020-04-08 18:34:26.521  INFO 12644 --- [main] org.hibernate.dialect.Dialect            : HHH000400: Using dialect: org.hibernate.dialect.MySQL8Dialect
2020-04-08 18:34:29.640  INFO 12644 --- [main] o.h.e.t.j.p.i.JtaPlatformInitiator       : HHH000490: Using JtaPlatform implementation: [org.hibernate.engine.transaction.jta.platform.internal.NoJtaPlatform]
2020-04-08 18:34:29.656  INFO 12644 --- [main] j.LocalContainerEntityManagerFactoryBean : Initialized JPA EntityManagerFactory for persistence unit 'default'
2020-04-08 18:34:30.424  WARN 12644 --- [main] c.p.c.c.s.p.MyFilterSecurityInterceptor  : Could not validate configuration attributes as the SecurityMetadataSource did not return any attributes from getAllConfigAttributes()
2020-04-08 18:34:31.039  INFO 12644 --- [main] o.s.b.a.e.web.ServletEndpointRegistrar   : Registered '/pgyhr/actuator/jolokia' to jolokia-actuator-endpoint
2020-04-08 18:34:35.932  WARN 12644 --- [main] JpaBaseConfiguration$JpaWebConfiguration : spring.jpa.open-in-view is enabled by default. Therefore, database queries may be performed during view rendering. Explicitly configure spring.jpa.open-in-view to disable this warning
2020-04-08 18:34:37.320  INFO 12644 --- [main] o.s.b.a.e.web.EndpointLinksResolver      : Exposing 16 endpoint(s) beneath base path '/pgyhr/actuator'
2020-04-08 18:34:37.755  INFO 12644 --- [main] pertySourcedRequestMappingHandlerMapping : Mapped URL path [/v2/api-docs] onto method [springfox.documentation.swagger2.web.Swagger2Controller#getDocumentation(String, HttpServletRequest)]
2020-04-08 18:34:37.818  INFO 12644 --- [main] com.pgyhr.config.swagger.Swagger2Config  : 加载Swagger2
2020-04-08 18:34:38.862  INFO 12644 --- [main] o.s.s.concurrent.ThreadPoolTaskExecutor  : Initializing ExecutorService 'applicationTaskExecutor'
2020-04-08 18:34:39.713  WARN 12644 --- [main] ion$DefaultTemplateResolverConfiguration : Cannot find template location: classpath:/templates/ (please add some templates or check your Thymeleaf configuration)
2020-04-08 18:34:42.741  INFO 12644 --- [main] o.s.s.c.ThreadPoolTaskScheduler          : Initializing ExecutorService
2020-04-08 18:34:44.862  INFO 12644 --- [main] o.s.s.web.DefaultSecurityFilterChain     : Creating filter chain: any request, [org.springframework.security.web.context.request.async.WebAsyncManagerIntegrationFilter@149e457, org.springframework.security.web.context.SecurityContextPersistenceFilter@ca31ad7, org.springframework.security.web.header.HeaderWriterFilter@bda4cbe, org.springframework.web.filter.CorsFilter@72557e0d, org.springframework.security.web.authentication.logout.LogoutFilter@6c4f48e2, com.pgyhr.core.config.security.validate.ImageValidateFilter$$EnhancerBySpringCGLIB$$68f8adcf@524dd373, org.springframework.security.web.authentication.UsernamePasswordAuthenticationFilter@27311c99, com.pgyhr.core.config.security.jwt.JWTAuthenticationFilter@14b4caba, org.springframework.security.web.savedrequest.RequestCacheAwareFilter@d65ba64, org.springframework.security.web.servletapi.SecurityContextHolderAwareRequestFilter@1b87f7cd, org.springframework.security.web.authentication.AnonymousAuthenticationFilter@20305c45, org.springframework.security.web.session.SessionManagementFilter@3bbc8c82, org.springframework.security.web.access.ExceptionTranslationFilter@761d3c20, com.pgyhr.core.config.security.permission.MyFilterSecurityInterceptor@2184962c, org.springframework.security.web.access.intercept.FilterSecurityInterceptor@32fb4a87]
2020-04-08 18:34:46.700  INFO 12644 --- [main] o.s.s.c.ThreadPoolTaskScheduler          : Initializing ExecutorService 'taskScheduler'
2020-04-08 18:34:49.326  INFO 12644 --- [main] o.s.i.endpoint.EventDrivenConsumer       : Adding {logging-channel-adapter:_org.springframework.integration.errorLogger} as a subscriber to the 'errorChannel' channel
2020-04-08 18:34:49.328  INFO 12644 --- [main] o.s.i.channel.PublishSubscribeChannel    : Channel 'application.errorChannel' has 1 subscriber(s).
2020-04-08 18:34:49.329  INFO 12644 --- [main] o.s.i.endpoint.EventDrivenConsumer       : started bean '_org.springframework.integration.errorLogger'
2020-04-08 18:34:49.330  INFO 12644 --- [main] d.s.w.p.DocumentationPluginsBootstrapper : Context refreshed
2020-04-08 18:34:49.459  INFO 12644 --- [main] d.s.w.p.DocumentationPluginsBootstrapper : Found 1 custom documentation plugin(s)
2020-04-08 18:34:50.030  INFO 12644 --- [main] s.d.s.w.s.ApiListingReferenceScanner     : Scanning for api listing references
2020-04-08 18:34:51.560  INFO 12644 --- [main] .d.s.w.r.o.CachingOperationNameGenerator : Generating unique operation named: addUsingPOST_1
2020-04-08 18:34:51.609  INFO 12644 --- [main] .d.s.w.r.o.CachingOperationNameGenerator : Generating unique operation named: editUsingPOST_1
2020-04-08 18:34:52.592  INFO 12644 --- [main] .d.s.w.r.o.CachingOperationNameGenerator : Generating unique operation named: addUsingPOST_2
2020-04-08 18:34:52.621  INFO 12644 --- [main] .d.s.w.r.o.CachingOperationNameGenerator : Generating unique operation named: delByIdsUsingDELETE_1
2020-04-08 18:34:52.665  INFO 12644 --- [main] .d.s.w.r.o.CachingOperationNameGenerator : Generating unique operation named: editUsingPOST_2
2020-04-08 18:34:52.848  INFO 12644 --- [main] .d.s.w.r.o.CachingOperationNameGenerator : Generating unique operation named: delByIdsUsingDELETE_2
2020-04-08 18:34:52.973  INFO 12644 --- [main] .d.s.w.r.o.CachingOperationNameGenerator : Generating unique operation named: addUsingPOST_3
2020-04-08 18:34:53.002  INFO 12644 --- [main] .d.s.w.r.o.CachingOperationNameGenerator : Generating unique operation named: delByIdsUsingDELETE_3
2020-04-08 18:34:53.222  INFO 12644 --- [main] .d.s.w.r.o.CachingOperationNameGenerator : Generating unique operation named: editUsingPOST_3
2020-04-08 18:34:53.367  INFO 12644 --- [main] .d.s.w.r.o.CachingOperationNameGenerator : Generating unique operation named: searchPermissionListUsingGET_1
2020-04-08 18:34:53.419  INFO 12644 --- [main] .d.s.w.r.o.CachingOperationNameGenerator : Generating unique operation named: delAllUsingDELETE_1
2020-04-08 18:34:53.517  INFO 12644 --- [main] .d.s.w.r.o.CachingOperationNameGenerator : Generating unique operation named: getAllByPageUsingGET_1
2020-04-08 18:34:53.682  INFO 12644 --- [main] .d.s.w.r.o.CachingOperationNameGenerator : Generating unique operation named: delByIdsUsingDELETE_4
2020-04-08 18:34:53.795  INFO 12644 --- [main] .d.s.w.r.o.CachingOperationNameGenerator : Generating unique operation named: editUsingPOST_4
2020-04-08 18:34:54.004  INFO 12644 --- [main] .d.s.w.r.o.CachingOperationNameGenerator : Generating unique operation named: saveUsingPOST_1
2020-04-08 18:34:54.170  INFO 12644 --- [main] .d.s.w.r.o.CachingOperationNameGenerator : Generating unique operation named: delAllByIdsUsingDELETE_1
2020-04-08 18:34:54.277  INFO 12644 --- [main] .d.s.w.r.o.CachingOperationNameGenerator : Generating unique operation named: editUsingPOST_5
2020-04-08 18:34:54.438  INFO 12644 --- [main] .d.s.w.r.o.CachingOperationNameGenerator : Generating unique operation named: getByConditionUsingGET_1
2020-04-08 18:34:54.541  INFO 12644 --- [main] .d.s.w.r.o.CachingOperationNameGenerator : Generating unique operation named: getByConditionUsingGET_2
2020-04-08 18:34:54.585  INFO 12644 --- [main] .d.s.w.r.o.CachingOperationNameGenerator : Generating unique operation named: getByConditionUsingGET_3
2020-04-08 18:34:54.810  INFO 12644 --- [main] .d.s.w.r.o.CachingOperationNameGenerator : Generating unique operation named: registUsingPOST_1
2020-04-08 18:34:55.407  INFO 12644 --- [main] o.s.b.w.embedded.tomcat.TomcatWebServer  : Tomcat started on port(s): 8888 (http) with context path ''
2020-04-08 18:34:55.417  INFO 12644 --- [main] com.pgyhr.PgyhrApplication               : Started PgyhrApplication in 56.649 seconds (JVM running for 61.418)
2020-04-08 18:34:56.748  INFO 12644 --- [http-nio-8888-exec-1] o.a.c.c.C.[Tomcat].[localhost].[/]       : Initializing Spring DispatcherServlet 'dispatcherServlet'
2020-04-08 18:34:56.750  INFO 12644 --- [http-nio-8888-exec-1] o.s.web.servlet.DispatcherServlet        : Initializing Servlet 'dispatcherServlet'
2020-04-08 18:34:56.817  INFO 12644 --- [http-nio-8888-exec-1] o.s.web.servlet.DispatcherServlet        : Completed initialization in 66 ms
2020-04-08 18:34:59.943  INFO 12644 --- [boundedElastic-7] io.lettuce.core.EpollProvider            : Starting without optional epoll library
2020-04-08 18:34:59.954  INFO 12644 --- [boundedElastic-7] io.lettuce.core.KqueueProvider           : Starting without optional kqueue library
2020-04-08 18:35:01.878  WARN 12644 --- [registrationTask1] d.c.b.a.c.r.ApplicationRegistrator       : Failed to register application as Application(name=spring-boot-application, managementUrl=http://H-13874.mshome.net:8888/pgyhr/actuator, healthUrl=http://H-13874.mshome.net:8888/pgyhr/actuator/health, serviceUrl=http://H-13874.mshome.net:8888/) at spring-boot-admin ([http://127.0.0.1:8888/pgyhr/admin/instances]): I/O error on POST request for "http://127.0.0.1:8888/pgyhr/admin/instances": Read timed out; nested exception is java.net.SocketTimeoutException: Read timed out. Further attempts are logged on DEBUG level
2020-04-08 18:35:05.790  INFO 12644 --- [registrationTask1] d.c.b.a.c.r.ApplicationRegistrator       : Application registered itself as 384790b981df
